08:51:40.811 INFO  s.m.l.Main$ - Starting server in /home/gadgil/code/ProvingGround/trepplein
08:51:40.846 INFO  s.m.l.Main$ - Classpath: /home/gadgil/.atom/packages/ide-scala/coursier
08:51:50.766 INFO  s.m.l.Formatter$ - Classloading scalafmt with 28 downloaded jars
08:51:52.521 INFO  s.m.l.ScalametaLanguageServer - Initialized with /home/gadgil/code/ProvingGround/trepplein, InitializeParams(832,/home/gadgil/code/ProvingGround/trepplein/,ClientCapabilities())
08:51:53.037 INFO  s.m.l.ScalametaLanguageServer - File /home/gadgil/code/ProvingGround/trepplein/target/compile.compilerconfig changed, extension=compilerconfig
08:51:53.098 INFO  s.m.l.ScalametaLanguageServer - File /home/gadgil/code/ProvingGround/trepplein/target/scala-2.12/classes/META-INF/semanticdb/trepplein/src/main/scala/trepplein/environment.semanticdb changed, extension=semanticdb
08:51:53.126 INFO  s.m.l.ScalametaLanguageServer - File /home/gadgil/code/ProvingGround/trepplein/target/scala-2.12/classes/META-INF/semanticdb/trepplein/src/main/scala/trepplein/typechecker.semanticdb changed, extension=semanticdb
08:51:53.128 INFO  s.m.l.ScalametaLanguageServer - File /home/gadgil/code/ProvingGround/trepplein/target/scala-2.12/classes/META-INF/semanticdb/trepplein/src/main/scala/trepplein/level.semanticdb changed, extension=semanticdb
08:51:53.129 INFO  s.m.l.ScalametaLanguageServer - File /home/gadgil/code/ProvingGround/trepplein/target/scala-2.12/classes/META-INF/semanticdb/trepplein/src/main/scala/trepplein/main.semanticdb changed, extension=semanticdb
08:51:53.130 INFO  s.m.l.ScalametaLanguageServer - File /home/gadgil/code/ProvingGround/trepplein/target/scala-2.12/classes/META-INF/semanticdb/trepplein/src/main/scala/trepplein/pretty.semanticdb changed, extension=semanticdb
08:51:53.131 INFO  s.m.l.ScalametaLanguageServer - File /home/gadgil/code/ProvingGround/trepplein/target/scala-2.12/classes/META-INF/semanticdb/trepplein/src/main/scala/trepplein/parser.semanticdb changed, extension=semanticdb
08:51:53.132 INFO  s.m.l.ScalametaLanguageServer - File /home/gadgil/code/ProvingGround/trepplein/target/scala-2.12/classes/META-INF/semanticdb/trepplein/src/main/scala/trepplein/quotient.semanticdb changed, extension=semanticdb
08:51:53.138 INFO  s.m.l.ScalametaLanguageServer - File /home/gadgil/code/ProvingGround/trepplein/target/scala-2.12/classes/META-INF/semanticdb/trepplein/src/main/scala/trepplein/inductive.semanticdb changed, extension=semanticdb
08:51:53.142 INFO  s.m.l.ScalametaLanguageServer - File /home/gadgil/code/ProvingGround/trepplein/target/scala-2.12/classes/META-INF/semanticdb/trepplein/src/main/scala/trepplein/doc.semanticdb changed, extension=semanticdb
08:51:53.150 INFO  s.m.l.ScalametaLanguageServer - File /home/gadgil/code/ProvingGround/trepplein/target/scala-2.12/classes/META-INF/semanticdb/trepplein/src/main/scala/trepplein/expr.semanticdb changed, extension=semanticdb
08:51:53.152 INFO  s.m.l.ScalametaLanguageServer - File /home/gadgil/code/ProvingGround/trepplein/target/scala-2.12/classes/META-INF/semanticdb/trepplein/src/main/scala/trepplein/name.semanticdb changed, extension=semanticdb
08:51:53.158 INFO  s.m.l.ScalametaLanguageServer - File /home/gadgil/code/ProvingGround/trepplein/target/scala-2.12/classes/META-INF/semanticdb/trepplein/src/main/scala/trepplein/reduction.semanticdb changed, extension=semanticdb
08:51:53.187 INFO  s.m.l.ScalametaLanguageServer - File /home/gadgil/code/ProvingGround/trepplein/target/scala-2.12/test-classes/META-INF/semanticdb/trepplein/src/test/scala/nat.semanticdb changed, extension=semanticdb
08:51:53.283 INFO  s.m.l.ScalametaLanguageServer - File /home/gadgil/code/ProvingGround/trepplein/target/test.compilerconfig changed, extension=compilerconfig
08:51:53.619 INFO  s.m.l.Semanticdbs$ - Loading file file:/home/gadgil/code/ProvingGround/trepplein/trepplein/src/main/scala/trepplein/environment.scala
08:51:53.760 INFO  s.m.l.Semanticdbs$ - Loading file file:/home/gadgil/code/ProvingGround/trepplein/trepplein/src/main/scala/trepplein/environment.scala
08:51:53.746 INFO  s.m.l.s.InMemoryDocumentIndex - Storing in-memory document for uri Uri(file:///home/gadgil/code/ProvingGround/trepplein/trepplein/src/main/scala/trepplein/environment.scala)
08:51:54.318 INFO  s.m.l.s.InMemorySymbolIndex - Indexing classpath entry /home/gadgil/.coursier/cache/v1/https/repo1.maven.org/maven2/org/scalameta/semanticdb-scalac_2.12.4/2.1.2/semanticdb-scalac_2.12.4-2.1.2-sources.jar...
08:51:54.482 INFO  s.m.l.s.InMemorySymbolIndex - Indexing classpath entry /home/gadgil/.coursier/cache/v1/https/repo1.maven.org/maven2/org/scala-lang/scala-library/2.12.4/scala-library-2.12.4-sources.jar...
08:51:54.602 ERROR l.c.LanguageServer$$anon$1 - Invalid Notification: List((,List(JsonValidationError(List(notification parameters must be given),WrappedArray())))) - Message: JsonRpcNotificationMessage(initialized,NoParams)
08:51:54.666 INFO  s.m.l.Semanticdbs$ - Loading file file:/home/gadgil/code/ProvingGround/trepplein/trepplein/src/main/scala/trepplein/typechecker.scala
08:51:54.670 INFO  s.m.l.s.InMemoryDocumentIndex - Storing in-memory document for uri Uri(file:///home/gadgil/code/ProvingGround/trepplein/trepplein/src/main/scala/trepplein/typechecker.scala)
08:51:54.677 INFO  s.m.l.Semanticdbs$ - Loading file file:/home/gadgil/code/ProvingGround/trepplein/trepplein/src/main/scala/trepplein/typechecker.scala
08:51:54.724 INFO  s.m.l.Semanticdbs$ - Loading file file:/home/gadgil/code/ProvingGround/trepplein/trepplein/src/main/scala/trepplein/level.scala
08:51:54.724 INFO  s.m.l.p.DocumentHighlightProvider$ - Document highlight in Uri(file:///home/gadgil/code/ProvingGround/trepplein/project/plugins.sbt)
08:51:54.725 INFO  s.m.l.s.InMemorySymbolIndex - resolveName at Uri(file:///home/gadgil/code/ProvingGround/trepplein/project/plugins.sbt):6:0
08:51:54.727 INFO  s.m.l.Semanticdbs$ - Loading file file:/home/gadgil/code/ProvingGround/trepplein/trepplein/src/main/scala/trepplein/level.scala
08:51:54.727 INFO  s.m.l.s.InMemoryDocumentIndex - Storing in-memory document for uri Uri(file:///home/gadgil/code/ProvingGround/trepplein/trepplein/src/main/scala/trepplein/level.scala)
08:51:54.736 INFO  s.m.l.Semanticdbs$ - Loading file file:/home/gadgil/code/ProvingGround/trepplein/trepplein/src/main/scala/trepplein/main.scala
08:51:54.738 INFO  s.m.l.s.InMemoryDocumentIndex - Storing in-memory document for uri Uri(file:///home/gadgil/code/ProvingGround/trepplein/trepplein/src/main/scala/trepplein/main.scala)
08:51:54.740 INFO  s.m.l.Semanticdbs$ - Loading file file:/home/gadgil/code/ProvingGround/trepplein/trepplein/src/main/scala/trepplein/main.scala
08:51:54.762 INFO  s.m.l.Semanticdbs$ - Loading file file:/home/gadgil/code/ProvingGround/trepplein/trepplein/src/main/scala/trepplein/pretty.scala
08:51:54.767 INFO  s.m.l.s.InMemoryDocumentIndex - Storing in-memory document for uri Uri(file:///home/gadgil/code/ProvingGround/trepplein/trepplein/src/main/scala/trepplein/pretty.scala)
08:51:54.777 INFO  s.m.l.Semanticdbs$ - Loading file file:/home/gadgil/code/ProvingGround/trepplein/trepplein/src/main/scala/trepplein/pretty.scala
08:51:54.802 INFO  s.m.l.Semanticdbs$ - Loading file file:/home/gadgil/code/ProvingGround/trepplein/trepplein/src/main/scala/trepplein/parser.scala
08:51:54.806 INFO  s.m.l.s.InMemoryDocumentIndex - Storing in-memory document for uri Uri(file:///home/gadgil/code/ProvingGround/trepplein/trepplein/src/main/scala/trepplein/parser.scala)
08:51:54.808 INFO  s.m.l.Semanticdbs$ - Loading file file:/home/gadgil/code/ProvingGround/trepplein/trepplein/src/main/scala/trepplein/parser.scala
08:51:54.815 INFO  s.m.l.Semanticdbs$ - Loading file file:/home/gadgil/code/ProvingGround/trepplein/trepplein/src/main/scala/trepplein/quotient.scala
08:51:54.815 INFO  s.m.l.s.InMemoryDocumentIndex - Storing in-memory document for uri Uri(file:///home/gadgil/code/ProvingGround/trepplein/trepplein/src/main/scala/trepplein/quotient.scala)
08:51:54.816 INFO  s.m.l.Semanticdbs$ - Loading file file:/home/gadgil/code/ProvingGround/trepplein/trepplein/src/main/scala/trepplein/quotient.scala
08:51:54.822 INFO  s.m.l.Semanticdbs$ - Loading file file:/home/gadgil/code/ProvingGround/trepplein/trepplein/src/main/scala/trepplein/inductive.scala
08:51:54.823 INFO  s.m.l.s.InMemoryDocumentIndex - Storing in-memory document for uri Uri(file:///home/gadgil/code/ProvingGround/trepplein/trepplein/src/main/scala/trepplein/inductive.scala)
08:51:54.825 INFO  s.m.l.Semanticdbs$ - Loading file file:/home/gadgil/code/ProvingGround/trepplein/trepplein/src/main/scala/trepplein/inductive.scala
08:51:54.838 INFO  s.m.l.Semanticdbs$ - Loading file file:/home/gadgil/code/ProvingGround/trepplein/trepplein/src/main/scala/trepplein/doc.scala
08:51:54.840 INFO  s.m.l.Semanticdbs$ - Loading file file:/home/gadgil/code/ProvingGround/trepplein/trepplein/src/main/scala/trepplein/doc.scala
08:51:54.841 INFO  s.m.l.s.InMemoryDocumentIndex - Storing in-memory document for uri Uri(file:///home/gadgil/code/ProvingGround/trepplein/trepplein/src/main/scala/trepplein/doc.scala)
08:51:54.844 INFO  s.m.l.s.InMemorySymbolIndex - Indexing classpath entry /home/gadgil/.coursier/cache/v1/https/repo1.maven.org/maven2/org/scala-lang/scala-reflect/2.12.4/scala-reflect-2.12.4-sources.jar...
08:51:54.897 INFO  s.m.l.Semanticdbs$ - Loading file file:/home/gadgil/code/ProvingGround/trepplein/trepplein/src/main/scala/trepplein/expr.scala
08:51:54.900 INFO  s.m.l.s.InMemoryDocumentIndex - Storing in-memory document for uri Uri(file:///home/gadgil/code/ProvingGround/trepplein/trepplein/src/main/scala/trepplein/expr.scala)
08:51:54.907 INFO  s.m.l.Semanticdbs$ - Loading file file:/home/gadgil/code/ProvingGround/trepplein/trepplein/src/main/scala/trepplein/expr.scala
08:51:54.924 INFO  s.m.l.s.InMemorySymbolIndex - Indexing classpath entry /home/gadgil/.coursier/cache/v1/https/repo1.maven.org/maven2/org/specs2/specs2-fp_2.12/4.0.2/specs2-fp_2.12-4.0.2-sources.jar...
08:51:54.929 INFO  s.m.l.s.InMemorySymbolIndex - Indexing classpath entry /home/gadgil/.coursier/cache/v1/https/repo1.maven.org/maven2/org/specs2/specs2-common_2.12/4.0.2/specs2-common_2.12-4.0.2-sources.jar...
08:51:54.944 INFO  s.m.l.Semanticdbs$ - Loading file file:/home/gadgil/code/ProvingGround/trepplein/trepplein/src/main/scala/trepplein/name.scala
08:51:54.946 INFO  s.m.l.s.InMemoryDocumentIndex - Storing in-memory document for uri Uri(file:///home/gadgil/code/ProvingGround/trepplein/trepplein/src/main/scala/trepplein/name.scala)
08:51:54.947 INFO  s.m.l.Semanticdbs$ - Loading file file:/home/gadgil/code/ProvingGround/trepplein/trepplein/src/main/scala/trepplein/name.scala
08:51:54.951 INFO  s.m.l.s.InMemorySymbolIndex - Indexing classpath entry /home/gadgil/.coursier/cache/v1/https/repo1.maven.org/maven2/org/scala-sbt/test-interface/1.0/test-interface-1.0-sources.jar...
08:51:54.952 INFO  s.m.l.Semanticdbs$ - Loading file file:/home/gadgil/code/ProvingGround/trepplein/trepplein/src/main/scala/trepplein/reduction.scala
08:51:54.953 INFO  s.m.l.s.InMemoryDocumentIndex - Storing in-memory document for uri Uri(file:///home/gadgil/code/ProvingGround/trepplein/trepplein/src/main/scala/trepplein/reduction.scala)
08:51:54.955 INFO  s.m.l.Semanticdbs$ - Loading file file:/home/gadgil/code/ProvingGround/trepplein/trepplein/src/main/scala/trepplein/reduction.scala
08:51:54.955 INFO  s.m.l.s.InMemorySymbolIndex - Indexing classpath entry /home/gadgil/.coursier/cache/v1/https/repo1.maven.org/maven2/org/scala-lang/modules/scala-xml_2.12/1.0.6/scala-xml_2.12-1.0.6-sources.jar...
08:51:54.963 INFO  s.m.l.s.InMemorySymbolIndex - Indexing classpath entry /home/gadgil/.coursier/cache/v1/https/repo1.maven.org/maven2/org/specs2/specs2-matcher_2.12/4.0.2/specs2-matcher_2.12-4.0.2-sources.jar...
08:51:54.973 INFO  s.m.l.Semanticdbs$ - Loading file file:/home/gadgil/code/ProvingGround/trepplein/trepplein/src/test/scala/nat.scala
08:51:54.974 INFO  s.m.l.s.InMemoryDocumentIndex - Storing in-memory document for uri Uri(file:///home/gadgil/code/ProvingGround/trepplein/trepplein/src/test/scala/nat.scala)
08:51:54.975 INFO  s.m.l.Semanticdbs$ - Loading file file:/home/gadgil/code/ProvingGround/trepplein/trepplein/src/test/scala/nat.scala
08:51:55.002 INFO  s.m.l.s.InMemorySymbolIndex - Indexing classpath entry /home/gadgil/.coursier/cache/v1/https/repo1.maven.org/maven2/org/scala-lang/modules/scala-parser-combinators_2.12/1.0.6/scala-parser-combinators_2.12-1.0.6-sources.jar...
08:51:55.007 INFO  s.m.l.s.InMemorySymbolIndex - Indexing classpath entry /home/gadgil/.coursier/cache/v1/https/repo1.maven.org/maven2/com/github/scopt/scopt_2.12/3.7.0/scopt_2.12-3.7.0-sources.jar...
08:51:55.010 INFO  s.m.l.s.InMemorySymbolIndex - Indexing classpath entry /home/gadgil/.coursier/cache/v1/https/repo1.maven.org/maven2/org/specs2/specs2-core_2.12/4.0.2/specs2-core_2.12-4.0.2-sources.jar...
08:51:55.078 INFO  s.m.l.s.InMemorySymbolIndex - Indexing classpath entry /home/gadgil/.coursier/cache/v1/https/repo1.maven.org/maven2/org/scala-lang/scala-compiler/2.12.4/scala-compiler-2.12.4-sources.jar...
08:51:55.157 INFO  s.m.l.s.InMemorySymbolIndex - Indexing classpath entry /home/gadgil/.coursier/cache/v1/https/repo1.maven.org/maven2/jline/jline/2.14.5/jline-2.14.5-sources.jar...
08:51:55.216 INFO  s.m.l.c.ScalacProvider - Loading new compiler from config CompilerConfig(sources={+12}, scalacOptions=-Yrangepos -Xplugin-require:semanticdb -P:semanticdb:sourceroot:/home/gadgil/code/ProvingGround -opt:l:inline -opt-inline-from:** -opt-warnings -Xplugin:/home/gadgil/.coursier/cache/v1/https/repo1.maven.org/maven2/org/scalameta/semanticdb-scalac_2.12.4/2.1.2/semanticdb-scalac_2.12.4-2.1.2.jar, dependencyClasspath={+2}, classDirectory=/home/gadgil/code/ProvingGround/trepplein/target/scala-2.12/classes, sourceJars={+35}, origin=/home/gadgil/code/ProvingGround/trepplein/target/compile.compilerconfig)
08:51:56.668 INFO  s.m.l.c.ScalacProvider - Loading new compiler from config CompilerConfig(sources={+1}, scalacOptions=-Yrangepos -Xplugin-require:semanticdb -P:semanticdb:sourceroot:/home/gadgil/code/ProvingGround -opt:l:inline -opt-inline-from:** -opt-warnings -Xplugin:/home/gadgil/.coursier/cache/v1/https/repo1.maven.org/maven2/org/scalameta/semanticdb-scalac_2.12.4/2.1.2/semanticdb-scalac_2.12.4-2.1.2.jar, dependencyClasspath={+11}, classDirectory=/home/gadgil/code/ProvingGround/trepplein/target/scala-2.12/test-classes, sourceJars={+35}, origin=/home/gadgil/code/ProvingGround/trepplein/target/test.compilerconfig)
09:09:49.274 INFO  s.m.l.p.DocumentHighlightProvider$ - Document highlight in Uri(file:///home/gadgil/code/ProvingGround/trepplein/src/main/scala/trepplein/environment.scala)
09:09:49.276 INFO  s.m.l.s.InMemorySymbolIndex - resolveName at Uri(file:///home/gadgil/code/ProvingGround/trepplein/src/main/scala/trepplein/environment.scala):20:29
09:09:51.903 INFO  s.m.l.p.DocumentHighlightProvider$ - Document highlight in Uri(file:///home/gadgil/code/ProvingGround/trepplein/src/main/scala/trepplein/environment.scala)
09:09:51.903 INFO  s.m.l.s.InMemorySymbolIndex - resolveName at Uri(file:///home/gadgil/code/ProvingGround/trepplein/src/main/scala/trepplein/environment.scala):19:19
09:09:53.035 INFO  s.m.l.s.InMemoryDocumentIndex - Storing in-memory document for uri Uri(file:///home/gadgil/code/ProvingGround/trepplein/src/main/scala/trepplein/environment.scala)
08:47:15.599 INFO  s.m.l.ScalametaLanguageServer - File /home/gadgil/code/ProvingGround/trepplein/target/compile.compilerconfig changed, extension=compilerconfig
08:47:15.762 INFO  s.m.l.c.ScalacProvider - Loading new compiler from config CompilerConfig(sources={+12}, scalacOptions=-Yrangepos -Xplugin-require:semanticdb -P:semanticdb:sourceroot:/home/gadgil/code/ProvingGround -opt:l:inline -opt-inline-from:** -opt-warnings -Xplugin:/home/gadgil/.coursier/cache/v1/https/repo1.maven.org/maven2/org/scalameta/semanticdb-scalac_2.12.4/2.1.2/semanticdb-scalac_2.12.4-2.1.2.jar, dependencyClasspath={+2}, classDirectory=/home/gadgil/code/ProvingGround/trepplein/target/scala-2.12/classes, sourceJars={+35}, origin=/home/gadgil/code/ProvingGround/trepplein/target/compile.compilerconfig)
08:47:16.550 INFO  s.m.l.ScalametaLanguageServer - File /home/gadgil/code/ProvingGround/trepplein/target/test.compilerconfig changed, extension=compilerconfig
08:47:16.552 INFO  s.m.l.ScalametaLanguageServer - File /home/gadgil/code/ProvingGround/trepplein/target/test.compilerconfig changed, extension=compilerconfig
08:47:16.731 INFO  s.m.l.c.ScalacProvider - Loading new compiler from config CompilerConfig(sources={+1}, scalacOptions=-Yrangepos -Xplugin-require:semanticdb -P:semanticdb:sourceroot:/home/gadgil/code/ProvingGround -opt:l:inline -opt-inline-from:** -opt-warnings -Xplugin:/home/gadgil/.coursier/cache/v1/https/repo1.maven.org/maven2/org/scalameta/semanticdb-scalac_2.12.4/2.1.2/semanticdb-scalac_2.12.4-2.1.2.jar, dependencyClasspath={+11}, classDirectory=/home/gadgil/code/ProvingGround/trepplein/target/scala-2.12/test-classes, sourceJars={+35}, origin=/home/gadgil/code/ProvingGround/trepplein/target/test.compilerconfig)
08:47:17.074 INFO  s.m.l.c.ScalacProvider - Loading new compiler from config CompilerConfig(sources={+1}, scalacOptions=-Yrangepos -Xplugin-require:semanticdb -P:semanticdb:sourceroot:/home/gadgil/code/ProvingGround -opt:l:inline -opt-inline-from:** -opt-warnings -Xplugin:/home/gadgil/.coursier/cache/v1/https/repo1.maven.org/maven2/org/scalameta/semanticdb-scalac_2.12.4/2.1.2/semanticdb-scalac_2.12.4-2.1.2.jar, dependencyClasspath={+11}, classDirectory=/home/gadgil/code/ProvingGround/trepplein/target/scala-2.12/test-classes, sourceJars={+35}, origin=/home/gadgil/code/ProvingGround/trepplein/target/test.compilerconfig)
